2023-04-16 13:04:09.514419] ======================== REQUEST ==============================] 
2023-04-16 13:04:09.514419] Method : GET] 
2023-04-16 13:04:09.515933] POST : <QueryDict: {}>] 
2023-04-16 13:04:09.516952] GET : <QueryDict: {}>] 
2023-04-16 13:04:09.517968] ===================== END REQUEST =============================] 
2023-04-16 13:04:42.829335] ======================== REQUEST ==============================] 
2023-04-16 13:04:43.229218] Method : POST] 
2023-04-16 13:04:43.230216] POST : <QueryDict: {'username': ['AnubhavSharma'], 'mobilenum': ['7543028853'], 'designation': ['SDE'], 'email': ['anubhav@myapp.com'], 'password': ['Anubhav@123'], 'confirmPassword': ['Anubhav@123'], 'csrfmiddlewaretoken': ['YEbP736YUGmbljkdMI5WkG7bqhKWDj3GnhYkk7yVJ8PYZvwjon23itKD4UaYvF7l']}>] 
2023-04-16 13:04:43.231331] GET : <QueryDict: {}>] 
2023-04-16 13:04:43.232331] ===================== END REQUEST =============================] 
2023-04-16 13:05:43.904725] ======================== REQUEST ==============================] 
2023-04-16 13:05:43.904725] Method : POST] 
2023-04-16 13:05:43.904725] POST : <QueryDict: {'username': ['AnubhavSharma'], 'mobilenum': ['7543028853'], 'designation': ['SDE'], 'email': ['anubhav@myapp.com'], 'password': [''], 'confirmPassword': [''], 'csrfmiddlewaretoken': ['aUddx3pRuFpXxOVwVw3WMa7L0FL2yMb4zx0IK7ROj7SKb07Cxb03KXKdEib4q8fJ']}>] 
2023-04-16 13:05:43.906236] GET : <QueryDict: {}>] 
2023-04-16 13:05:43.906236] ===================== END REQUEST =============================] 
2023-04-16 13:05:44.106621] ======================== REQUEST ==============================] 
2023-04-16 13:05:44.106621] Method : POST] 
2023-04-16 13:05:44.106621] POST : <QueryDict: {'username': ['AnubhavSharma'], 'mobilenum': ['7543028853'], 'designation': ['SDE'], 'email': ['anubhav@myapp.com'], 'password': [''], 'confirmPassword': [''], 'csrfmiddlewaretoken': ['ge111hIO4w49rxvnKVlT5D1mNE6Yv5snFROwelaLTYxW5JHtmAi03qEOrhw0nrw2']}>] 
2023-04-16 13:05:44.107859] GET : <QueryDict: {}>] 
2023-04-16 13:05:44.107859] ===================== END REQUEST =============================] 
2023-04-16 13:06:25.840152] ======================== REQUEST ==============================] 
2023-04-16 13:06:25.841149] Method : POST] 
2023-04-16 13:06:25.842148] POST : <QueryDict: {'username': ['AnubhavSharma'], 'mobilenum': ['7543028853'], 'designation': ['SDE'], 'email': ['anubhav@myapp.com'], 'password': ['Anubhav@1997'], 'confirmPassword': ['Anubhav@1997'], 'csrfmiddlewaretoken': ['WE72gv0kqSAjMXs3KKAogQbaC9sVECXBlhUxtzshfk36q9E9mpxveDOCgMSXwY1g']}>] 
2023-04-16 13:06:25.843145] GET : <QueryDict: {}>] 
2023-04-16 13:06:25.844147] ===================== END REQUEST =============================] 
2023-04-16 13:06:39.661281] ======================== REQUEST ==============================] 
2023-04-16 13:06:39.662316] Method : POST] 
2023-04-16 13:06:39.664269] POST : <QueryDict: {'username': ['AnubhavSharma1'], 'mobilenum': ['7543028853'], 'designation': ['SDE'], 'email': ['anubhav@myapp.com'], 'password': ['Anubhav@1997'], 'confirmPassword': ['Anubhav@1997'], 'csrfmiddlewaretoken': ['TXPggMqRjaYYdw3RllHnTI2zcnYG0b2riACLtQSO8CrLRIfXX0EuRvF1Q0oISx66']}>] 
2023-04-16 13:06:39.664269] GET : <QueryDict: {}>] 
2023-04-16 13:06:39.664269] ===================== END REQUEST =============================] 
2023-04-16 13:09:02.569277] ======================== REQUEST ==============================] 
2023-04-16 13:09:02.570277] Method : GET] 
2023-04-16 13:09:02.571273] POST : <QueryDict: {}>] 
2023-04-16 13:09:02.573272] GET : <QueryDict: {}>] 
2023-04-16 13:09:02.574263] ===================== END REQUEST =============================] 
2023-04-16 13:09:33.186267] ======================== REQUEST ==============================] 
2023-04-16 13:09:33.187274] Method : POST] 
2023-04-16 13:09:33.187274] POST : <QueryDict: {'username': ['AnubhavSharma'], 'mobilenum': ['7543028853'], 'designation': ['SDE'], 'email': ['anubhav@myapp.com'], 'password': ['Anubhav@1887'], 'confirmPassword': ['Anubhav@1887'], 'csrfmiddlewaretoken': ['Yvhmu8uF9o2ekh9pLAP9NIu0VaLYMbI0n84RHcWCYQv1YtlvnfMgLv7szNb0ExMF']}>] 
2023-04-16 13:09:33.188278] GET : <QueryDict: {}>] 
2023-04-16 13:09:33.189276] ===================== END REQUEST =============================] 
2023-04-16 13:11:03.741047] ======================== REQUEST ==============================] 
2023-04-16 13:11:03.741047] Method : GET] 
2023-04-16 13:11:03.743043] POST : <QueryDict: {}>] 
2023-04-16 13:11:03.743043] GET : <QueryDict: {}>] 
2023-04-16 13:11:03.744040] ===================== END REQUEST =============================] 
2023-04-16 13:11:34.538189] ======================== REQUEST ==============================] 
2023-04-16 13:11:34.538189] Method : POST] 
2023-04-16 13:11:34.539192] POST : <QueryDict: {'username': ['AnubhavSharma1'], 'mobilenum': ['7543028853'], 'designation': ['SDE'], 'email': ['anubhav@myapp.com'], 'password': ['Anubhav@1997'], 'confirmPassword': ['Anubhav@1997'], 'csrfmiddlewaretoken': ['jgyEjR8lIzytUDdmtbl8inCAIb9l9qsMITl9wVAix11gyPps5Qifgaf2mOzn1Mwr']}>] 
2023-04-16 13:11:34.539832] GET : <QueryDict: {}>] 
2023-04-16 13:11:34.540365] ===================== END REQUEST =============================] 
2023-04-16 13:12:14.086869] ======================== REQUEST ==============================] 
2023-04-16 13:12:14.088184] Method : POST] 
2023-04-16 13:12:14.088184] POST : <QueryDict: {'username': ['AnubhavSharma1'], 'mobilenum': ['7543028853'], 'designation': ['SDE'], 'email': ['anubhav@myapp.com'], 'password': ['Anubhav@1997'], 'confirmPassword': ['Anubhav@1997'], 'csrfmiddlewaretoken': ['jgyEjR8lIzytUDdmtbl8inCAIb9l9qsMITl9wVAix11gyPps5Qifgaf2mOzn1Mwr']}>] 
2023-04-16 13:12:14.089320] GET : <QueryDict: {}>] 
2023-04-16 13:12:14.089989] ===================== END REQUEST =============================] 
2023-04-16 13:12:31.561723] ======================== REQUEST ==============================] 
2023-04-16 13:12:31.564706] Method : POST] 
2023-04-16 13:12:31.565705] POST : <QueryDict: {'username': ['AnubhavSharma2'], 'mobilenum': ['7543028853'], 'designation': ['SDE'], 'email': ['anubhav@myapp.com'], 'password': ['Anubhav@1997'], 'confirmPassword': ['Anubhav@1997'], 'csrfmiddlewaretoken': ['x989isvHfrs2AYa3SrZlB84KqYN07NlQWMVEvwXE4TVPeam9u6WszVHc4Bd2Z9pv']}>] 
2023-04-16 13:12:31.566211] GET : <QueryDict: {}>] 
2023-04-16 13:12:31.567212] ===================== END REQUEST =============================] 
2023-04-16 13:16:07.070945] ======================== REQUEST ==============================] 
2023-04-16 13:16:07.071945] Method : GET] 
2023-04-16 13:16:07.072942] POST : <QueryDict: {}>] 
2023-04-16 13:16:07.073937] GET : <QueryDict: {}>] 
2023-04-16 13:16:07.073937] ===================== END REQUEST =============================] 
2023-04-16 13:17:19.978449] ======================== REQUEST ==============================] 
2023-04-16 13:17:19.983440] Method : GET] 
2023-04-16 13:17:19.984436] POST : <QueryDict: {}>] 
2023-04-16 13:17:19.986565] GET : <QueryDict: {}>] 
2023-04-16 13:17:19.987930] ===================== END REQUEST =============================] 
2023-04-16 13:17:45.692688] ======================== REQUEST ==============================] 
2023-04-16 13:17:45.693686] Method : POST] 
2023-04-16 13:17:45.694682] POST : <QueryDict: {'username': ['AnubhavSharma'], 'mobilenum': ['7543028853'], 'designation': ['SDE'], 'email': ['anubhav.sharma@myap.com'], 'password': ['Anubhav@1997'], 'confirmPassword': ['Anubhav@1997'], 'csrfmiddlewaretoken': ['AUgRKu3mdWwUBKDtnUI1XLukh63OWFb8Zx3mXyvj2oZHfWPzZzF8Vy7MVJtQO1fN']}>] 
2023-04-16 13:17:45.695679] GET : <QueryDict: {}>] 
2023-04-16 13:17:45.697571] ===================== END REQUEST =============================] 
2023-04-16 13:18:57.987686] ======================== REQUEST ==============================] 
2023-04-16 13:18:57.988644] Method : GET] 
2023-04-16 13:18:57.989646] POST : <QueryDict: {}>] 
2023-04-16 13:18:57.990644] GET : <QueryDict: {}>] 
2023-04-16 13:18:57.991641] ===================== END REQUEST =============================] 
2023-04-16 13:19:31.318417] ======================== REQUEST ==============================] 
2023-04-16 13:19:31.318761] Method : POST] 
2023-04-16 13:19:31.318761] POST : <QueryDict: {'username': ['AnubhavSharma2'], 'mobilenum': ['7543028853'], 'designation': ['SDE'], 'email': ['anubhav@1997.com'], 'password': ['Anubhav@1997'], 'confirmPassword': ['Anubhav@1997'], 'csrfmiddlewaretoken': ['PrmEzTd7iiv9xLJ0RZcVr5CjzSrKQE3de499MXF47KYWbXV6tE92pSfLdvRMI07S']}>] 
2023-04-16 13:19:31.319762] GET : <QueryDict: {}>] 
2023-04-16 13:19:31.320237] ===================== END REQUEST =============================] 
2023-04-16 13:21:13.326345] ======================== REQUEST ==============================] 
2023-04-16 13:21:13.327722] Method : GET] 
2023-04-16 13:21:13.328722] POST : <QueryDict: {}>] 
2023-04-16 13:21:13.329128] GET : <QueryDict: {}>] 
2023-04-16 13:21:13.329128] ===================== END REQUEST =============================] 
2023-04-16 13:21:38.835341] ======================== REQUEST ==============================] 
2023-04-16 13:21:38.836359] Method : POST] 
2023-04-16 13:21:38.836359] POST : <QueryDict: {'username': ['AnubhavSharma3'], 'mobilenum': ['7543028853'], 'designation': ['SDE'], 'email': ['anubhav@myapp.com'], 'password': ['Anubhav@1997'], 'confirmPassword': ['Anubhav@1997'], 'csrfmiddlewaretoken': ['IAsi9GAD3L3PeKxHaehgrHLZ8gQTxkPu7dfNmK2ASdwCSWJNMTenpuorMTgVpGT9']}>] 
2023-04-16 13:21:38.837582] GET : <QueryDict: {}>] 
2023-04-16 13:21:38.837582] ===================== END REQUEST =============================] 
2023-04-16 13:24:55.431477] ======================== REQUEST ==============================] 
2023-04-16 13:24:55.433472] Method : POST] 
2023-04-16 13:24:55.434469] POST : <QueryDict: {'username': ['AnubhavSharma4'], 'mobilenum': ['7543028853'], 'designation': ['SDE'], 'email': ['anubhav@myapp.com'], 'password': ['Anubhav@1997'], 'confirmPassword': ['Anubhav@1997'], 'csrfmiddlewaretoken': ['66KbGl0c3oPS0SaFo5nHweHy5GKG1YEdvJxGTps9SQiFE4mL0KkOu1k0JjaITkIS']}>] 
2023-04-16 13:24:55.435465] GET : <QueryDict: {}>] 
2023-04-16 13:24:55.435465] ===================== END REQUEST =============================] 
2023-04-16 13:27:15.946865] ======================== REQUEST ==============================] 
2023-04-16 13:27:15.946865] Method : GET] 
2023-04-16 13:27:15.948858] POST : <QueryDict: {}>] 
2023-04-16 13:27:15.949867] GET : <QueryDict: {}>] 
2023-04-16 13:27:15.950854] ===================== END REQUEST =============================] 
2023-04-16 13:27:41.074563] ======================== REQUEST ==============================] 
2023-04-16 13:27:41.074563] Method : POST] 
2023-04-16 13:27:41.075559] POST : <QueryDict: {'username': ['AnubhavSharma'], 'mobilenum': ['7543028853'], 'designation': ['SDE'], 'email': ['anubhav@myapp.com'], 'password': ['Anubhav@1997'], 'confirmPassword': ['Anubhav@1997'], 'csrfmiddlewaretoken': ['NsCssIDYC5zC2KuNVaLZJ47AkAflbjExc5pXFM5Vrx2pGWGTxPI6HRK2YdFn3FIc']}>] 
2023-04-16 13:27:41.076667] GET : <QueryDict: {}>] 
2023-04-16 13:27:41.076667] ===================== END REQUEST =============================] 
2023-04-16 13:29:15.801378] ======================== REQUEST ==============================] 
2023-04-16 13:29:15.816201] Method : GET] 
2023-04-16 13:29:15.816201] POST : <QueryDict: {}>] 
2023-04-16 13:29:15.817693] GET : <QueryDict: {}>] 
2023-04-16 13:29:15.817693] ===================== END REQUEST =============================] 
2023-04-16 13:29:47.028012] ======================== REQUEST ==============================] 
2023-04-16 13:29:47.029017] Method : POST] 
2023-04-16 13:29:47.030016] POST : <QueryDict: {'username': ['AnubhavSharma'], 'mobilenum': ['7543028853'], 'designation': ['SDE'], 'email': ['anubhav@myapp.com'], 'password': ['Anubhav@1997'], 'confirmPassword': ['Anubhav@1997'], 'csrfmiddlewaretoken': ['RJwdBkbb9Cq7WZneS0oWsRmKEYpRbtFYgmjIOoD8Y4TUAbzkuFl3qEZciBPT3PJD']}>] 
2023-04-16 13:29:47.031012] GET : <QueryDict: {}>] 
2023-04-16 13:29:47.031012] ===================== END REQUEST =============================] 
2023-04-16 13:31:56.912277] ======================== REQUEST ==============================] 
2023-04-16 13:31:56.913998] Method : GET] 
2023-04-16 13:31:56.913998] POST : <QueryDict: {}>] 
2023-04-16 13:31:56.914997] GET : <QueryDict: {}>] 
2023-04-16 13:31:56.915501] ===================== END REQUEST =============================] 
2023-04-16 13:32:22.948873] ======================== REQUEST ==============================] 
2023-04-16 13:32:22.949234] Method : POST] 
2023-04-16 13:32:22.949234] POST : <QueryDict: {'username': ['AnubhavSharma'], 'mobilenum': ['7543028853'], 'designation': ['SDE'], 'email': ['anubhav@myapp.com'], 'password': ['Anubhav@1997'], 'confirmPassword': ['Anubhav@1997'], 'csrfmiddlewaretoken': ['neUFPBFJDrKuCJdNNOHw69QiOBFqfBTEMRHa2F7GsTdhgVpTptED4WtKse5s7XXj']}>] 
2023-04-16 13:32:22.950240] GET : <QueryDict: {}>] 
2023-04-16 13:32:22.950240] ===================== END REQUEST =============================] 
2023-04-16 13:33:25.549395] ======================== REQUEST ==============================] 
2023-04-16 13:33:25.553385] Method : POST] 
2023-04-16 13:33:25.554953] POST : <QueryDict: {'username': ['AnubhavSharma4'], 'mobilenum': ['7543028853'], 'designation': ['SDE'], 'email': ['anubhav@myapp.com'], 'password': ['Anubhav@1997'], 'confirmPassword': ['Anubhav@1997'], 'csrfmiddlewaretoken': ['gTqNycPOOAMD4v0NrRi0mg27kMUuxV7HFwdiLghLD2fqIHcT3wf7k3FzYpkwphbm']}>] 
2023-04-16 13:33:25.556965] GET : <QueryDict: {}>] 
2023-04-16 13:33:25.557953] ===================== END REQUEST =============================] 
2023-04-16 13:34:05.452162] ======================== REQUEST ==============================] 
2023-04-16 13:34:05.453158] Method : GET] 
2023-04-16 13:34:05.454156] POST : <QueryDict: {}>] 
2023-04-16 13:34:05.455153] GET : <QueryDict: {}>] 
2023-04-16 13:34:05.455657] ===================== END REQUEST =============================] 
2023-04-16 13:34:32.499690] ======================== REQUEST ==============================] 
2023-04-16 13:34:32.500689] Method : POST] 
2023-04-16 13:34:32.501691] POST : <QueryDict: {'username': ['AnubhavSharma5'], 'mobilenum': ['7543028853'], 'designation': ['SDE'], 'email': ['anubhav@myapp.com'], 'password': ['Anubhav@1997'], 'confirmPassword': ['Anubhav@1997'], 'csrfmiddlewaretoken': ['Kkod6svybawCcYjPAeH9r6s8zG2yATGc9XbIjwXv0CZpQavVcTEgpT5AdjsAsfKR']}>] 
2023-04-16 13:34:32.502682] GET : <QueryDict: {}>] 
2023-04-16 13:34:32.503680] ===================== END REQUEST =============================] 
2023-04-16 13:37:05.989244] ======================== REQUEST ==============================] 
2023-04-16 13:37:05.991245] Method : GET] 
2023-04-16 13:37:05.994229] POST : <QueryDict: {}>] 
2023-04-16 13:37:05.995225] GET : <QueryDict: {}>] 
2023-04-16 13:37:05.996262] ===================== END REQUEST =============================] 
2023-04-16 13:37:47.229915] ======================== REQUEST ==============================] 
2023-04-16 13:37:47.230915] Method : POST] 
2023-04-16 13:37:47.230915] POST : <QueryDict: {'username': ['AnubhavSharma'], 'mobilenum': ['7543028853'], 'union': ['C'], 'designation': ['SDE'], 'email': ['anubhav@myapp.com'], 'password': ['Anubhav@1997'], 'confirmPassword': ['Anubhav@1997'], 'csrfmiddlewaretoken': ['N1GzlEAS8hMUSLqn6hccaUyJB2MtbqlQcEt4yI2PXJfHwXCtIW9j8HbbfFcv3Mpv']}>] 
2023-04-16 13:37:47.231913] GET : <QueryDict: {}>] 
2023-04-16 13:37:47.231913] ===================== END REQUEST =============================] 
2023-04-16 13:38:39.815422] ======================== REQUEST ==============================] 
2023-04-16 13:38:39.815422] Method : GET] 
2023-04-16 13:38:39.816422] POST : <QueryDict: {}>] 
2023-04-16 13:38:39.817424] GET : <QueryDict: {}>] 
2023-04-16 13:38:39.818439] ===================== END REQUEST =============================] 
2023-04-16 13:40:07.945018] ======================== REQUEST ==============================] 
2023-04-16 13:40:07.948025] Method : GET] 
2023-04-16 13:40:07.954011] POST : <QueryDict: {}>] 
2023-04-16 13:40:07.955536] GET : <QueryDict: {}>] 
2023-04-16 13:40:07.956540] ===================== END REQUEST =============================] 
2023-04-16 13:40:18.743755] ======================== REQUEST ==============================] 
2023-04-16 13:40:18.743755] Method : GET] 
2023-04-16 13:40:18.744753] POST : <QueryDict: {}>] 
2023-04-16 13:40:18.744753] GET : <QueryDict: {}>] 
2023-04-16 13:40:18.746136] ===================== END REQUEST =============================] 
2023-04-16 14:10:16.464722] ======================== REQUEST ==============================] 
2023-04-16 14:10:16.465719] Method : GET] 
2023-04-16 14:10:16.465719] POST : <QueryDict: {}>] 
2023-04-16 14:10:16.465719] GET : <QueryDict: {}>] 
2023-04-16 14:10:16.466716] ===================== END REQUEST =============================] 
2023-04-16 14:10:42.572106] ======================== REQUEST ==============================] 
2023-04-16 14:10:42.573103] Method : POST] 
2023-04-16 14:10:42.573103] POST : <QueryDict: {'username': ['AnubhavSharma'], 'mobilenum': ['7543028853'], 'union': ['C'], 'designation': ['SDE'], 'email': ['anubhav.sharma@myapp.com'], 'password': ['Anubhav@1997'], 'confirmPassword': ['Anubhav@1997'], 'csrfmiddlewaretoken': ['rTpZ4YbOedBwTEQRAF9SL9aorlWaE1FcgGfGIksTre6KvChkxThEMCkfgwszmkSZ']}>] 
2023-04-16 14:10:42.573103] GET : <QueryDict: {}>] 
2023-04-16 14:10:42.573103] ===================== END REQUEST =============================] 
2023-04-16 14:11:50.128331] ======================== REQUEST ==============================] 
2023-04-16 14:11:50.128331] Method : POST] 
2023-04-16 14:11:50.128834] POST : <QueryDict: {'username': ['AnubhavSharma'], 'mobilenum': ['7543028853'], 'union': ['A'], 'designation': ['SDE'], 'email': ['anubhav.sharma@myapp.com'], 'password': ['Anubhav@1997'], 'confirmPassword': ['Anubhav@1997'], 'csrfmiddlewaretoken': ['VDy1zmHcsfM26ukPyoBIN93tswVNiZIIKqoIdIYhFghgIsLivCJuOCdkhHrc0iVv']}>] 
2023-04-16 14:11:50.128834] GET : <QueryDict: {}>] 
2023-04-16 14:11:50.129778] ===================== END REQUEST =============================] 
2023-04-16 16:16:44.358198] ======================== REQUEST ==============================] 
2023-04-16 16:16:44.358198] Method : GET] 
2023-04-16 16:16:44.358198] POST : <QueryDict: {}>] 
2023-04-16 16:16:44.359195] GET : <QueryDict: {}>] 
2023-04-16 16:16:44.359195] ===================== END REQUEST =============================] 
2023-04-16 16:17:27.647680] ======================== REQUEST ==============================] 
2023-04-16 16:17:27.648036] Method : GET] 
2023-04-16 16:17:27.648036] POST : <QueryDict: {}>] 
2023-04-16 16:17:27.648036] GET : <QueryDict: {}>] 
2023-04-16 16:17:27.648036] ===================== END REQUEST =============================] 
2023-04-16 23:23:44.913043] ======================== REQUEST ==============================] 
2023-04-16 23:23:44.979454] Method : GET] 
2023-04-16 23:23:44.981639] POST : <QueryDict: {}>] 
2023-04-16 23:23:44.983667] GET : <QueryDict: {}>] 
2023-04-16 23:23:44.985693] ===================== END REQUEST =============================] 
2023-04-16 23:24:18.586695] ======================== REQUEST ==============================] 
2023-04-16 23:24:18.588926] Method : POST] 
2023-04-16 23:24:18.592464] POST : <QueryDict: {'username': ['AnubhavSharma'], 'mobilenum': ['7543028853'], 'union': ['C'], 'designation': ['SDE'], 'email': ['anubhav.sharma@myapp.com'], 'password': ['Anubhav@1997'], 'confirmPassword': ['Anubhav@1997'], 'csrfmiddlewaretoken': ['zkKx3MACsXJBUsMmIz9YSZAzdQryL62adSRRFeP4KXHOZqkK7iz66ddfyP0FpfI9']}>] 
2023-04-16 23:24:18.595475] GET : <QueryDict: {}>] 
2023-04-16 23:24:18.598449] ===================== END REQUEST =============================] 
